778827
888169
61746
973122
926517
1027541
1039039
433343
721122
949736
173483
705016
376732
142178
383937
811464
878478
738406
337273
6411
229917
1008940
955502
878985
659463
328799
553969
505903
420400
450627
971523
343497
979978
927797
61950
173211
959962
104346
436752
158973
388930
459922
743181
43295
751026
319661
416548
592204
944493
403587
237339
294583
686023
553792
288764
659399
992668
33707
740812
908127
1022590
981536
460312
537259
612201
867049
489319
966096
550633
398736
639662
677742
781487
28123
902885
166313
587912
44535
234880
294049
368921
13090
172891
917052
428640
914808
668142
326104
403077
1032887
57918
887049
791338
764768
795392
110691
421973
485604
229079
825350
649411
100416
528545
870332
135603
650822
410829
521363
797538
5708
139965
671237
447322
782762
665790
10677
707421
812508
1020843
883166
626532
1022021
177880
652794
94090
1010233
429043
937129
864723
348704
918453
955908
124940
423019
557932
812671
4230
91349
490589
243238
955479
713127
672521
829550
505978
30110
160742
242900
442534
1014836
719563
604274
757632
106501
176466
278112
505287
506801
813448
644509
1038683
550717
920434
40328
370873
161656
929111
240839
108657
452423
373408
294434
114233
615744
531592
46431
176099
847252
345960
360147
696171
69270
631280
864754
349523
264356
902145
192495
702748
650524
448592
895619
51741
204006
834442
366809
120022
389888
449875
9034
764986
67153
214972
27711
42212
325611
183074
360943
911542
705809
230815
10266
443578
544481
126624
550456
897356
147947
82511
4315
514606
342729
903587
373951
676264
736320
138957
1011585
842455
4613
242986
88229
1016250
121668
551794
757463
177449
335116
368155
410032
421230
936165
229466
540374
536965
198428
1008184
512158
814423
815986
318016
274208
950933
1033043
15195
103846
899967
850405
816620
80172
223658
730194
298301
85399
176353
620143
178353
651151
9678
468401
964821
586550
371871
638400
471954
603909
302300
475798
737241
228757
577598
231009
346166
329611
1016303
429228
614128
317561
227672
155764
543746
544439
322514
1013621
723131
79545
730679
792460
622188
129865
113621
267672
587915
333507
582371
768150
176953
813220
569560
691684
571727
578033
235684
651962
1026856
260870
502704
700566
970363
540098
492665
416972
329845
64347
977805
77553
942563
235688
783255
400117
24994
338566
691465
545214
367170
667205
979920
883990
65333
385999
231100
708928
340441
491514
196357
593146
400821
796710
194925
924846
777253
216236
185141
79429
1807
269027
133149
32060
717579
668936
735095
829051
435568
304238
339337
910158
582955
713657
121627
74944
147625
460932
657358
1028397
581465
319234
442121
874451
25355
539243
604114
330116
444177
660391
661795
661640
771953
455570
604583
864773
577638
257236
825984
95656
214819
1033591
17730
1022430
82387
948755
910847
247559
813854
458970
763978
1007771
419718
63455
831712
365594
442761
1033045
245672
46340
915066
467654
539091
300417
466382
1007532
235902
272644
174646
698074
215554
393391
790423
712727
316815
945788
1035725
553904
1003279
40041
989741
436800
1046691
972104
526997
567229
1021266
1045390
82791
1041802
766862
588890
994172
172976
948641
991282
138343
56879
476389
854518
535262
563584
855116
952640
144262
39245
19922
720871
424348
350913
147630
989626
422479
856012
797309
156301
979870
145844
977804
164298
194361
1003655
793290
118273
133656
18530
470019
1019872
183916
472335
581865
67882
52794
159976
570916
623011
273959
878455
173374
955707
583556
304447
751392
965890
919674
892145
417042
995216
915890
625430
845955
473809
431300
924180
858015
81434
888607
193507
392781
167914
712683
500020
1026189
445590
964505
533691
638522
48649
72109
260827
655637
936784
907545
100510
737031
709105
224205
218831
687849
951203
645696
321070
400294
827459
660884
252
162354
16317
229412
1006519
1044766
50132
508344
328818
468272
934983
181297
727186
177015
696651
560358
521527
624739
438229
309675
914042
13126
697932
913667
449251
755223
988705
290698
393075
591501
296447
968473
741828
77614
500319
405271
92456
268644
966038
230510
982498
2026
280282
294512
686040
544893
326332
575467
534376
366988
427980
409960
866636
572384
206874
406677
86515
765648
340012
164543
646885
733424
70136
794078
76076
748025
389348
1040576
950101
445687
503362
1002866
664967
939519
896097
1004401
125625
117279
643960
285192
155088
713763
848590
594623
613471
572395
312979
839004
487806
784595
674442
758372
509495
1037345
866650
710879
182335
378276
594370
115298
300143
427342
399541
317180
1043813
975700
172017
190582
407260
688344
233052
87660
576685
538228
248103
729911
133378
94071
767008
208286
104009
794522
178075
420962
618348
293168
750614
590741
550545
96549
1038935
902980
994588
720575
838372
97902
639732
345256
779598
92383
144269
775308
172628
539171
359787
1034674
869433
797417
846300
222044
878451
537459
460863
401970
473822
661215
741727
452903
220783
91568
150715
1039433
450497
176104
928868
99694
617680
373889
481690
917157
631282
980970
955275
741386
318332
56195
368663
122043
851310
923681
1020517
506032
121393
58475
178752
25728
993158
1041102
820132
964441
541698
161231
179505
418434
652130
145122
744803
67521
527813
361750
174985
730858
525915
266069
374584
838252
159906
490194
613635
753986
859566
356122
1004617
851067
1009769
1015091
646335
789585
915989
369711
534648
468071
69040
856955
3605
575562
621312
361390
633920
972385
517926
908589
1007251
567634
507392
644490
557363
416542
798753
957031
937887
6257
476654
725159
1023758
317425
226947
460226
928641
934453
700911
810880
300784
102463
638389
915083
55547
61158
217992
381684
446966
1034491
647038
749853
187403
1022675
241348
748245
999110
576936
152232
9122
683496
343485
83784
839161
430801
747926
101224
121999
733638
1024461
739474
763048
869546
345824
86914
364422
320183
260591
242369
946111
899789
634060
246943
298819
547524
755968
622781
20570
938269
771891
867546
617589
54704
295989
945686
650804
739507
383094
495430
55872
390771
448099
558841
956501
15709
791807
4234
241550
348013
920440
818053
386253
341938
876609
51401
922349
649379
593830
607958
64521
764987
299156
991045
847916
3925
280767
505797
1018386
422417
897872
932989
363807
831255
70012
187660
234906
857152
557775
801515
776068
328455
825276
666343
888137
384016
300609
51744
613518
291616
441313
335682
170121
413861
921619
681254
171921
403710
253336
478695
678056
1032414
141639
775906
589928
518557
269862
630326
243584
109044
362224
873533
484762
279177
832315
463974
374757
396401
34831
432982
324337
763824
61477
306253
82159
1040677
548485
763954
72371
74496
753318
802105
936959
473371
738671
416408
7484
890021
514506
590666
370370
228316
512948
463838
171603
294670
571433
798297
532276
987143
776967
994556
637904
635567
726881
35409
73140
690562
616543
393537
267667
209851
761297
569751
878705
143751
377922
369658
78835
171437
1000280
788424
869376
118642
628565
739755
303408
359633
824175
67981
98586
901791
213625
843950
79814
950707
487967
209501
997284
343986
574375
159470
976582
132211
1030268
841928
702206
382303
912790
281838
140311
211157
950791
1041346
651083
892106
351918
442470
748272
66720
87246
801701
681532
866638
326554
762410
702867
752881
895525
829720
433285
967366
677292
959747
893372
518137
679289
376709
990244
792452
816096
20879
1032771
225105
889864
278650
661324
188317
871528
402357
591543
553320
919718
901411
179491
851305
86239
338604
105980
925232
88341
867438
521681
875962
451751
133087
176406
681110
703144
443765
196094
606947
662535
977668
198689
254184
806370
535929
273136
776492
815469
528971
181380
455636
695005
367106
940430
696002
319940
512078
847703
828092
291197
782984
1010653
1013128
236449
627195
836017
61432
187274
1039089
568112
213744
288856
155760
799819
99560
281679
537444
385264
659268
929321
9045
982357
64161
426434
560710
166277
665537
139568
757865
781073
639609
237597
8267
777291
560880
718458
429349
375263
273275
481574
23099
208409
424886
927483
990620
736686
988742
20887
494545
1036801
754460
171051
219795
95183
721255
288554
406854
789264
541660
464093
247870
2117
509794
449424
68294
120577
1031556
217097
483002
462337
1040486
1026490
918700
949396
641729
790777
598062
211129
481386
375818
496895
28422
523865
341053
219700
432981
400235
907350
256081
432378
138645
410556
135327
933724
459547
834287
643607
406820
878264
129356
528777
172025
879219
182390
55113
163114
838029
220012
785763
996259
184382
765560
409521
404862
691573
424189
976499
422297
1005632
821676
682753
416903
519424
88414
187831
155926
175351
638001
230975
163780
333741
386556
21234
39249
348672
286517
655111
232905
357673
869945
194859
827643
684765
414981
672514
621788
269674
260058
793384
300651
271865
730289
297812
254730
58339
575409
981118
863613
257923
432713
757868
714040
698647
517125
922847
475512
26236
252040
804476
1037547
203572
465408
718397
335196
303300
599662
47759
368079
978193
776402
1043105
846860
43600
12913
1028716
427158
783981
894148
242103
765642
255208
814785
694304
663894
392101
680547
402829
469656
163240
658242
921481
888759
59779
750451
223982
261338
408347
696704
625814
229842
55869
618647
391287
974
748275
721698
697952
395549
360936
175966
639322
606626
426091
308682
245143
1028004
964669
367525
576053
718237
317020
845569
175518
897667
343257
784205
521948
593645
966235
298586
536608
255405
808086
344615
142257
479804
112721
857157
352684
66479
1024353
672619
326184
756580
896369
142989
868685
429630
55176
665678
423000
463645
977379
548261
175825
393073
790227
1025962
927166
909053
531943
590581
58027
82733
256657
1001109
489076
963242
635867
405031
404299
961115
288121
114279
346530
895912
971861
418732
958581
929824
888707
426283
242158
254941
826423
964841
43011
226353
647066
723753
179552
8950
791895
979170
503368
403415
495597
186509
679427
849836
92183
486868
438809
867776
77253
247986
729235
202558
799984
596714
404966
20220
90038
305184
413253
228678
140926
564312
488443
243815
95917
782163
721091
716770
370564
804516
680191
877739
378711
323566
117577
172025
184560
1045095
505403
343529
305974
549527
682925
641699
505159
369595
474923
942455
1010910
206152
671207
890131
489448
620868
3717
311887
649482
896584
189196
518140
804251
209318
892702
326596
223086
824685
85639
614785
859877
497627
1010082
90960
698202
510184
401391
737465
968706
465238
289760
247014
68908
496550
10930
359134
312625
240975
241414
197243
718188
374030
870297
702723
140077
765609
348882
211837
627618
263513
488610
236520
816810
717126
812028
628319
673719
867744
397979
617579
916071
800803
937801
86593
52256
1005716
829539
856214
608615
91022
930399
106824
903634
858984
427227
957851
141971
553577
417792
1044420
873825
841392
945606
91597
998301
446272
334167
32433
895416
303879
488548
403883
442871
970897
790938
440372
900871
678914
594969
308347
334583
715615
81296
889559
926192
928259
960414
460077
678696
881458
261402
429252
329801
48636
417276
815679
185589
509934
264020
35019
429164
44039
424992
561951
16263
168838
828742
692374
166115
315169
924924
893451
106397
558638
173417
888446
309676
578269
285862
242250
336108
250690
931984
988052
195551
282712
27158
484265
553655
437245
484602
928278
376692
697083
390786
326694
522313
1026928
802259
218470
982576
98574
729084
533313
478839
1036911
1016146
749256
1041347
271032
852969
327601
660719
139054
555352
440136
770904
947832
539785
506707
22291
516247
168171
477536
484253
236734
717989
313899
487595
410047
340647
341005
417605
1040740
454413
767845
901556
201394
1037846
814430
982836
469755
555948
125957
755124
168890
602789
634976
49306
35963
927401
225338
409141
441212
436276
419069
77153
577362
309109
155210
268599
246325
875557
120791
703822
59212
207187
357861
484213
151910
549634
477791
166678
885301
571553
317215
818153
826272
469488
561096
330192
398061
604176
75167
440460
836650
860148
102920
159299
223845
535458
258068
289286
32313
78577
703182
276762
579851
235201
829779
537857
514650
740035
485390
741055
807947
723297
309795
68592
809402
206421
811125
566843
514387
784822
931106
359097
101848
546645
30056
326866
152806
797718
910526
523340
135286
690469
361356
417586
356492
52290
139766
394985
910456
910266
138596
197842
562242
574386
299946
755366
646482
261673
316482
638465
145465
216135
395754
281963
720954
525133
250881
372862
640336
585365
833179
878940
525206
416574
75654
868789
218871
572178
770043
530162
687057
189902
405163
245435
37999
441910
890225
26243
805717
527837
319630
518777
883064
209431
415480
60972
798299
265126
714576
665836
1039305
240310
524279
739955
207921
666030
961612
999662
616096
753553
267913
817279
274719
504252
750125
574145
940376
75542
983722
600418
135095
642862
435848
818147
668332
910963
377274
143391
284350
63413
888617
72346
353400
262988
925913
456436
342477
987002
820141
637435
177540
247963
705684
751439
826703
265450
67279
724941
2242
606229
848819
368424
862205
800300
735941
562035
94400
778646
107557
559034
269435
698565
323964
12056
870968
1006576
117061
611055
20690
262471
384247
321519
324137
588252
624722
304801
809860
591964
648012
494667
642293
984444
270592
112138
919070
349698
102333
1005871
1027147
578975
522267
90776
979821
2159
387485
862377
393453
121244
1003902
594057
310555
611820
453578
570879
991475
736126
247482
923371
609333
442084
134631
214898
844680
823201
317025
931354
400066
33594
103252
117059
675289
862973
864807
607680
423996
761752
745844
977621
420866
939823
593666
263535
53655
1009808
508849
339859
865204
562173
17523
284059
861350
693111
544949
126388
821398
457223
878519
358393
910873
910345
250647
178607
269946
268933
117468
932475
1041094
453628
373341
430739
1039050
682050
1015427
14180
112681
400887
917251
490251
944550
357063
147870
285565
381147
25536
851428
990315
160971
279912
632382
51316
410862
506199
992072
873694
483558
468013
557532
237006
786982
595168
1029669
116778
865142
878903
876344
68824
462286
819214
291988
488769
228196
874681
760095
759074
459612
346081
810491
104831
294008
286460
310450
593426
90069
33309
926013
869027
164458
999208
921650
452386
658672
1001706
655917
754558
978829
557992
394110
211300
551674
765875
370885
189110
52850
462759
59161
612229
686169
13855
844642
1015724
960961
218306
342934
602533
564860
223450
678701
1037224
345198
456288
880481
482877
360469
945870
759572
539775
45877
942294
360334
975485
919748
587907
93956
667091
789095
780182
528518
639518
537784
325853
1003958
909448
158352
520696
1024324
1023051
600589
302840
490164
866623
300113
53521
859065
846414
781424
636506
109952
978079
162346
776414
627793
371270
489021
619070
873388
474479
56825
987232
817440
331583
601867
843534
278745
270339
404130
530828
19929
1033497
274776
505181
1029402
29878
252516
498321
603853
694949
702748
594999
349618
603947
426467
41481
44705
402726
71783
932449
465068
366525
195265
616927
772306
149284
562457
557635
510642
530002
995760
693503
43713
999360
466676
254579
804903
488693
485930
13430
452413
817488
455048
664677
562397
9661
469389
323177
875407
220828
539144
695468
909808
155211
655583
647118
774593
945986
914720
769436
389313
1037067
667636
448792
583771
390026
442401
505320
3501
57130
727214
699055
49537
949167
40346
729747
578948
725325
532230
982626
584396
282903
108564
105577
748178
588082
619114
640981
664061
765256
858979
575837
936518
97479
354583
621266
380173
827530
534437
1008345
866476
164608
445524
625158
396780
898922
360792
24288
677232
444913
823558
583829
772215
926435
137825
529373
970947
3501
273368
162543
995691
399732
421635
409631
825114
1005096
527160
675852
728845
588247
27387
461571
142320
494778
764049
430340
850056
6236
897100
618139
955291
5637
710655
978361
49715
934587
900046
176702
23866
636574
800738
795180
152872
534787
394840
247647
671031
988504
626162
229385
358241
120853
384814
958203
130232
808615
494191
618891
460457
229214
8923
37524
618283
971065
580709
408708
67360
301832
260061
300158
973576
464003
423006
856351
321220
936857
794543
219705
1025342
1005672
102073
527004
803156
80670
399396
8176
571375
313353
215416
946037
208168
838583
86272
532073
593803
399231
267341
503780
556435
49452
390621
1018836
496704
865310
676248
452286
113748
985422
792467
796247
429261
509401
654128
550808
461555
261763
784499
753977
146032
709791
180629
209145
580790
953218
786760
1004647
458130
722471
2783
790479
542382
52708
601904
761304
416398
894039
706229
632725
563924
352858
958523
894414
324936
616848
206347
667024
808071
761430
930058
756821
597691
459991
657102
384360
7193
627617
928962
811041
34891
605605
234625
492359
880490
648887
956351
650136
155908
686795
198457
9082
466266
664941
409361
92629
326096
79007
494921
811529
11745
849328
842595
360743
871919
962785
442999
517327
348877
301751
2931
58578
345938
166521
361964
434672
744680
563720
414465
238458
588622
478882
977317
77541
959436
744213
992495
688885
617172
822390
486520
178312
2969
467322
682426
664993
188290
664643
1019632
171862
189992
13786
622541
414868
867051
536114
35167
823046
613823
517266
711305
201670
678766
146558
137049
757411
737921
935907
87606
366469
154177
796235
1018162
867968
585381
391630
700457
967412
867100
956731
311289
702179
651168
200166
588299
337746
958619
407175
148110
421463
596376
636069
88170
155506
873425
782447
132165
899072
705259
836719
210405
630878
822917
400161
830727
127070
116013
329978
414871
380125
76924
912918
464111
612376
748252
224332
754843
172318
651661
143121
774226
716253
205409
677208
336999
527783
641321
565006
570853
313415
897678
484911
286500
467590
751059
433801
145251
888464
443008
948730
372376
684060
700614
309367
671841
654615
782474
899193
633774
567384
891686
280347
368382
679013
153365
1015631
216596
38733
438979
873988
546310
84073
753779
625646
788177
139942
1005786
430856
406554
670065
513676
213409
727020
467795
309761
1000155
86638
739537
902169
627134
23652
308359
914039
307358
331901
1035545
239418
583017
442613
595945
1555
464762
410619
839552
145234
440558
792694
415251
292697
831831
526937
381764
369457
486719
253992
217199
456231
469376
504991
418131
510695
929772
884165
302135
417548
738193
724845
450945
265104
753552
649047
547606
825754
924897
688207
673976
316100
286574
702085
361926
1021408
564142
471932
1014918
1025512
193677
233735
525605
189703
804169
254187
779155
788082
866136
673694
1046489
729705
600477
959214
919862
404538
423014
69790
470138
1021467
558662
194883
525392
976662
789460
259676
976347
183886
662141
577674
309628
435488
127967
517061
240548
941953
140160
498276
599979
968851
978508
605266
842069
626023
558612
652529
81644
339108
218302
862399
901903
359132
283187
107211
842586
215160
688399
783525
303300
687204
587853
210448
541099
377421
235494
815774
775006
416851
182105
874648
562031
78866
1035338
793573
593068
879510
655371
171213
573248
549805
793812
190615
236236
853437
1004513
1027741
188263
806955
754620
4953
709870
87274
871227
923362
748653
621184
552371
640150
401515
666210
570513
955986
98062
76100
291903
318207
664625
733864
249222
736232
407265
1009513
109421
14974
706770
497219
395558
137307
113233
828199
810454
1038546
920937
654395
112038
242890
199826
341281
627839
875158
791932
795551
414938
500329
1039552
821452
222818
508390
51399
216279
300708
395062
511687
789731
683690
455264
355888
458652
374630
905301
130414
125645
87990
1031529
250214
636521
607033
638186
179257
241227
922400
713263
787371
205860
802972
695015
142773
553629
1030231
17477
250090
624341
227550
999387
62466
430119
355821
862462
275786
991011
542411
557194
365617
560473
283890
433041
4053
43103
122905
781380
574245
178801
471806
466906
1021958
742204
174737
372475
151528
380782
431836
794066
999613
692500
554813
1027751
103709
690435
214040
626372
654624
863469
925292
392449
775638
623162
44657
984273
222777
540775
923419
37466
670553
672780
1030618
76017
740419
787308
331391
211514
847499
934143
981575
812287
864126
131563
173432
593458
153774
753129
664403
954754
141554
264354
633622
746902
921014
658012
578296
130329
10065
122837
305822
397384
100477
385947
59601
567395
936097
33370
134638
580991
688105
718500
1042671
391350
1025612
111521
880523
1010435
776692
295721
263165
715165
438890
697474
33049
440833
988892
603869
66393
65358
661046
280353
665836
900522
674130
991660
372345
124302
931259
304988
380120
383090
1048170
504246
726633
892224
910419
95245
620999
692704
154390
577125
941306
970683
133790
1042724
620604
354211
454233
231089
603441
713176
795402
823555
946012
171061
802789
504626
746151
234190
100959
281170
30730
997513
864911
228367
247759
559968
400836
754382
39080
739849
212885
791665
642427
969407
883442
9774
382561
495123
655507
82300
695892
416715
409912
182491
1032551
949734
1030289
116974
877805
579219
569070
723578
568777
841813
496567
348573
474714
765761
191918
1011858
422253
785724
278926
577785
806344
964383
481944
703983
65012
141063
1020215
988384
743223
917380
884126
912580
804127
95657
713655
991779
113559
477796
99448
257872
41862
106775
985887
384911
748956
219891
999374
985659
848841
20355
772453
31736
385704
890093
15257
714460
485255
651403
279389
557332
207591
482637
725207
836027
1016251
712360
66175
819071
817104
659899
336415
404165
115063
645285
616386
539447
770482
448844
495150
67714
354658
227792
352391
144357
816765
581236
138872
153879
807885
709001
244030
959228
625134
960180
907862
876078
17395
271795
216791
259283
636880
552309
784323
946297
19998
100012
584443
851175
685670
186966
928647
202403
56014
955058
317461
941726
1028829
1012175
611325
696263
184949
625439
300019
922632
941305
54844
306248
763859
378209
174613
903791
783614
753691
781838
656121
708597
46092
700339
159465
656673
808723
296997
46250
712222
969038
509305
525247
81335
911875
1025114
446274
502063
477332
127281
185010
563230
799923
537175
191836
372163
56615
438236
1044046
463120
707728
181305
920177
72032
184712
461895
335422
974207
932717
950808
929200
180849
360286
435392
586026
767803
901481
787044
640296
558731
509047
948120
480489
237717
693028
524245
939354
943462
864580
607795
403317
546750
668633
707166
784606
774464
546245
787832
182543
430378
196594
223837
874543
394373
229257
173269
378937
343618
239332
1026487
61575
697378
793699
736485
758903
821459
587424
499909
704449
51431
538644
383237
981093
814356
742036
612190
441107
766437
67254
1013471
452364
1006714
108259
151619
627705
1019726
308998
279532
13279
27836
45434
674551
408552
207993
256387
76661
470992
207058
18196
1044926
959556
834459
618266
669655
576993
49271
1000487
337739
432759
442567
306778
460221
1019497
241193
647990
419774
330198
242171
326984
842632
345504
370327
490479
427779
690832
880145
830896
553378
174969
758348
960802
605548
283903
609513
179312
603171
830109
942464
909028
574748
601721
857774
486788
965660
554844
366121
1039629
937423
272037
730445
494281
251883
317967
415381
666283
663890
340661
476606
657913
66218
891868
318963
1025181
491342
542842
599113
288956
270620
542475
771658
936662
919117
63501
511475
672592
104638
323538
177553
678424
456827
480388
298979
666804
553333
255603
392516
405351
165665
496328
533552
585624
1015443
443673
495610
192810
780661
458647
833562
885024
611185
295664
669058
910535
239122
434053
907830
465947
64289
125574
884231
367666
64056
162124
678834
629953
493881
273425
734056
255500
514334
365863
750019
351294
189306
204005
787803
808940
645029
671104
574884
727958
1023767
735909
555752
736058
1025211
688231
816948
609464
837970
990882
415669
691423
792217
317290
23249
641888
1046658
790100
175987
151380
590297
882307
1038472
322948
607600
130051
800181
464475
747943
568438
563336
899253
195629
943522
709108
482112
522467
387318
767039
388820
1037991
889328
338997
216481
892833
884873
607450
694695
138167
38321
568338
270489
107754
418966
262100
187635
98664
8971
39812
508262
763058
523085
642167
418553
1044794
129318
1041745
585675
1008549
976470
161045
954238
863388
731592
266882
501937
651087
430909
114739
143592
796074
260842
961572
899468
637262
969823
141759
10787
843438
478091
150265
569748
547393
897677
221650
233496
401119
260922
951445
560273
113780
508942
85363
843518
377428
908131
774000
117436
175999
493555
383147
462267
508521
820600
308856
631677
299861
992396
860605
766739
877391
822873
962712
301295
1012792
337825
790507
279690
27159
855064
915682
543861
12335
415969
1024498
997929
906655
484621
530908
314228
404418
694372
226339
813072
711115
190157
336981
864494
69467
946157
329768
377852
219065
231486
395982
620657
225915
586844
909814
655686
127602
765317
295994
908645
552096
854873
154495
383584
231725
763282
958634
742372
343908
875993
918849
914497
851700
644719
797403
98749
408440
967442
414422
791790
31888
115024
701454
176073
828742
487142
795130
641390
179100
466212
122640
693742
364709
409367
196916
809025
1047637
591755
141650
913962
180258
380500
252068
789934
823435
1000390
150073
999556
804219
315023
758494
472138
815472
191066
44617
836776
82810
67126
1044007
376530
401746
756682
855561
767370
561032
345010
278171
190506
41085
779280
65073
6873
827210
625673
985518
223245
332939
138901
133587
528548
646858
845139
164748
679801
292162
647675
641739
216463
185277
162310
613852
957532
409434
285284
8416
972700
202019
472314
189949
803692
7183
655814
87961
902840
1022423
474624
982868
244669
855428
384814
760298
200488
340761
655972
202380
290033
462492
809274
703580
716392
468245
985519
1006247
655426
556944
944141
359527
413442
419112
31454
20060
716823
227677
285454
343608
439037
658505
449581
547740
830919
1047551
829861
542826
299267
500411
24406
527895
868452
720622
123410
176657
971139
419937
32334
40890
731997
734794
667632
417287
302270
301888
78057
966832
247922
30242
198462
2421
633534
423507
114252
863793
650648
611175
942591
693747
284176
283966
370227
488987
499300
171962
471845
967354
587451
198850
170910
686889
758214
254567
175154
594455
557650
1046796
174126
773466
695575
807483
676478
26516
230772
105733
594794
340834
1038426
777051
734093
643193
112203
540500
969160
985892
520427
104256
326245
529649
862296
524265
1040562
663706
57982
654180
597749
74076
343362
382008
633471
873137
911179
723516
598915
961715
1032474
838400
90196
394705
519696
899146
446969
573321
353702
428438
214216
1012181
393403
99271
180162
621551
775972
1006124
696455
683118
469432
795165
1005660
550897
555663
661461
796728
817903
794929
507468
424364
770933
90884
820313
751903
622885
547163
583487
1005852
289331
271582
799595
699924
939803
257042
483269
986958
443018
280959
1031341
812612
158370
809691
121065
1014148
1035507
787255
325974
672691
754164
547095
706661
504581
335717
501549
799912
827884
785316
118534
757296
789846
695851
95067
474131
505515
48390
428347
224062
297588
658992
799453
523842
817891
420037
925475
569102
734336
859399
3317
1023066
606201
488486
1038328
344532
1027111
340030
708160
881528
478655
157554
300548
814800
675122
396235
573817
313103
908907
577503
607686
975970
258069
249453
309905
15630
906438
47453
153471
641920
653150
822209
608434
288882
173304
679729
191073
511145
515563
483216
899035
238365
323398
648557
487176
155449
520939
903356
1011642
5059
40715
925722
1042941
645041
760197
30949
601193
448101
70272
354307
303411
711036
217376
370581
874591
451761
748905
793347
607855
90265
370457
229508
976345
545279
551062
503697
458758
139961
481861
369719
1009134
570544
804239
820380
734712
670229
318774
308849
1035875
175825
619747
194567
118608
78337
703210
768944
191401
585340
66569
205057
17360
307214
359566
240716
898841
963032
1022001
532266
18810
692738
831545
261202
154338
386041
320908
738111
745474
376890
621271
199216
1038402
549795
205627
542787
140627
272408
316852
410584
666890
260126
1013290
911746
214782
467484
553059
450251
1006245
885105
461091
594279
345703
220748
515999
733295
368004
129037
365331
150885
445434
569125
275569
705257
639544
610075
60399
171794
575849
1018693
584749
572053
617829
178342
821950
479590
829454
530821
642139
68816
143804
873117
493854
252721
809780
345616
258285
494803
895282
826733
858155
937775
416578
860950
643377
826246
97044
916026
486977
1044975
367018
651023
653703
462772
920891
569527
214600
274703
832240
936567
195140
30812
331057
994206
339402
338100
283763
162346
620023
656819
320383
428903
667900
113662
443239
376218
1026960
409630
238700
695074
437300
189507
521925
941332
890152
656583
335411
171327
578923
223548
989054
252506
816023
682889
153864
83000
961410
679168
935953
600456
67311
54357
1031002
963965
160350
167238
608878
746755
700076
752827
550069
345829
496395
438808
406134
239064
662136
436999
87951
1033255
543910
191374
822462
218489
910817
1039646
323948
719918
646592
22105
87456
981381
189293
834274
927363
958262
197647
366996
499928
214390
9617
851809
459644
85591
495362
25482
814004
74350
236253
22806
241609
556609
453956
88893
466958
488094
1013107
617609
346874
54703
851255
934205
739084
126649
93171
897691
441960
916699
234000
99653
742967
801614
534861
927598
91579
972656
772837
481249
193019
895121
534318
1031227
294807
628197
557684
497150
210182
751846
378964
286558
859022
338640
254675
475177
765468
591704
557676
429658
579816
990752
1023470
335218
57120
144541
699255
489969
812470
95794
325385
134316
138935
427649
62738
501943
81340
334730
54919
604563
640760
532786
583424
638892
580716
858341
936355
625448
787230
885152
671023
454682
542928
473871
863310
704577
211478
855912
497763
593983
391966
303151
589672
1029766
481467
96799
502217
404103
299038
37404
985526
32494
499597
68833
681202
514982
799813
180455
324706
134776
939202
927513
39320
745174
629931
150458
364078
281323
96135
752
913008
690165
901369
821686
41190
416340
968415
617103
356004
737478
990732
473573
893462
11534
603465
473085
959339
1036768
83865
984648
889660
954252
848041
410213
205199
412520
585101
193172
749413
257535
444569
189876
391109
416242
458600
1020291
779638
58628
591248
20911
526140
515930
544854
890489
112845
979161
1018646
417837
330363
492689
59729
558311
857981
77822
580659
206082
97184
749523
595424
777508
510262
716829
399409
926449
478473
464019
382401
733150
994911
915320
654810
544399
190686
250592
400942
535531
890244
209214
1039278
266133
614511
794560
178516
650841
616557
929858
757530
219203
744417
539016
822484
432862
696469
71996
939230
410701
798847
585070
1035813
439221
994515
166307
767417
470365
190593
648214
768508
267025
444735
718795
264164
260641
628846
476254
633188
880621
35801
1000039
156521
1041298
981910
968855
724615
559399
791440
373995
865050
408845
727130
595167
70462
297202
166781
635311
471403
651989
970267
944207
291990
417292
87540
729200
258359
96707
13772
240070
257046
408215
283586
715899
999501
268958
935594
66647
336114
744601
960880
66234
469699
840319
65342
864142
649577
722405
200566
900284
291354
884161
943659
614677
141886
931698
862539
698235
408599
53149
93885
765148
165692
116311
578858
667843
715110
844749
222038
491187
1007349
247092
811227
273767
539937
835267
508149
1014043
176406
699965
826690
98632
154941
81888
768837
170577
33368
761414
672805
415909
798007
478609
704052
538655
340031
669103
122959
808146
62103
898350
605225
859718
698923
141766
190961
548327
433017
1035482
328524
470826
281712
186706
813170
269996
506912
10216
628718
537678
25977
417095
744689
752209
53530
252609
124127
453000
275277
515174
966226
562554
171007
899075
797709
837881
466855
291253
237562
376305
460677
193860
621068
957347
451979
208829
426977
735519
261991
837120
412494
583326
470668
874344
360978
948720
1032224
593354
740704
989113
107641
917122
783235
568233
734514
115713
200877
420908
549344
981726
742605
749458
454824
34543
276439
266595
564829
168189
101148
309657
892897
165986
707537
808212
934871
831690
446274
112335
666369
464304
834160
925899
598858
471008
86740
409795
1045189
302577
284503
424354
258400
317274
219441
242213
569526
773084
1028376
977638
625411
777800
857826
38633
240028
628492
34318
685627
389383
662871
162742
804906
853816
822918
974526
755143
577979
601241
382292
882369
486905
434854
739848
604543
718365
763670
659515
560210
90438
73320
671907
502667
606423
780712
245074
316420
390036
1022429
15999
975862
491086
213446
164664
829231
159988
244629
982864
962219
866421
412671
329391
107611
497548
648984
706520
990889
914371
498790
451565
813935
228394
1008042
998105
278854
814715
48912
1026260
564189
774605
139709
802203
1021192
435516
58142
413843
937222
220737
66062
635134
163692
267013
791635
415302
674108
33910
783484
110534
938005
193550
322411
336792
230591
840706
220384
216830
188164
308995
58360
1041349
814918
226894
199665
548722
786208
945411
668315
379476
475758
150455
866650
516354
73235
450602
258269
150440
843482
610560
221531
804240
226481
993977
627506
928782
277534
970633
928790
183261
445671
543181
918413
422107
17434
323900
891532
377562
245042
654381
544255
533331
82137
815816
510587
912960
330761
608146
997563
566552
918403
388129
407323
636035
986919
238119
922924
656719
823673
553800
489494
660470
502801
314138
540897
711145
128552
167259
954111
452450
166228
313611
137241
80192
792028
379330
439138
516326
362842
549206
952828
601957
87821
207066
287286
588589
530030
150434
80704
133686
532315
786936
205130
46438
1039654
19567
816051
401586
851762
683527
232076
393508
114510
965661
460107
163927
20626
398624
141317
652742
722034
330427
310858
357454
703278
1034045
1047530
895499
561834
607881
800208
860687
344202
302929
884112
696410
198473
1043622
988501
347912
510545
132812
391462
551895
599769
655979
933780
257919
975406
529697
58849
685743
630787
386503
504214
971887
439711
386231
653372
842179
630299
332176
989314
71481
309362
260067
33758
258777
866847
722035
814474
492374
76541
251168
384302
838330
55349
438068
758660
163492
1022059
787282
1011898
92460
528498
206102
841286
707933
297115
444887
546857
212301
285794
738013
664830
459486
306475
755485
1042266
965136
831537
41312
619107
730443
605020
336960
20616
1032678
383820
1020760
492758
726320
805342
873936
626075
31582
151147
214800
887094
96951
867188
214790
602098
359891
70786
339130
180923
780570
731023
856249
603999
680404
706255
395424
974648
759783
770498
825297
662931
529396
301931
649433
680391
844862
542737
571142
820224
615776
964969
483906
590310
230601
670410
501599
561028
506310
878816
900032
6607
803251
516996
937322
7762
327768
764950
1021905
349413
171945
246696
831439
98141
633180
835977
987931
814861
355520
122443
284161
241231
322325
674559
852620
528084
146670
956363
975013
933649
372924
460861
260952
831912
322261
187666
422586
279912
888858
582676
686968
439521
450475
977221
799160
361415
938398
741515
186698
918388
201504
859694
571096
799793
1016925
811053
16391
177172
289203
241989
433850
454589
761339
908029
46523
1007473
731178
132710
191102
730214
637635
217901
177683
303376
884762
602503
578299
803925
796663
878436
848635
986552
206260
330649
776790
660855
1033811
911949
511652
196062
616367
173266
849180
162547
503075
203340
898319
652914
479400
257255
737894
