159466011
340652812
966495090
946232550
803852752
99670625
917579929
84584590
253240280
716722723
698683301
251680941
504296455
184700297
871605117
349819886
406796266
959294381
390226667
539231661
635723856
790926576
682875123
351431968
51803598
489475371
865005178
696183396
770612115
253671224
812654744
294642994
606645215
668895355
522236357
934340284
837566718
124363842
28988868
496904243
412191032
331432091
506677162
34657846
684478085
465232837
589524611
259363269
69372701
263896831
629537491
