10
20
30
40
50
60
70
80
90
100
110
120
130
140
150
160
170
180
190
200
210
220
230
240
250
260
270
280
290
300
310
320
330
340
350
360
370
380
390
400
410
420
430
440
450
460
470
480
490
500
510
520
530
540
550
560
570
580
590
600
610
620
630
640
650
660
670
680
690
700
710
720
730
740
750
760
770
780
790
800
810
820
830
840
850
860
870
880
890
900
910
920
930
940
950
960
970
980
990
1000
1010
1020
1030
1040
1050
1060
1070
1080
1090
1100
1110
1120
1130
1140
1150
1160
1170
1180
1190
1200
1210
1220
1230
1240
1250
1260
1270
1280
1290
1300
1310
1320
1330
1340
1350
1360
1370
1380
1390
1400
1410
1420
1430
1440
1450
1460
1470
1480
1490
1500
1510
1520
1530
1540
1550
1560
1570
1580
1590
1600
1610
1620
1630
1640
1650
1660
1670
1680
1690
1700
1709
1718
1727
1736
1745
1754
1763
1772
1781
1790
1799
1808
1817
1826
1835
1844
1853
1862
1871
1880
1889
1898
1907
1916
1925
1934
1943
1952
1961
1970
1979
1988
1997
2006
2015
2024
2033
2042
2051
2060
2069
2078
2087
2096
2105
2114
2123
2132
2141
2150
2159
2168
2177
2186
2195
2204
2213
2222
2231
2240
2249
2258
2267
2276
2285
2294
2303
2312
2321
2330
2339
2348
2357
2366
2375
2384
2393
2402
2411
2420
2429
2438
2447
2456
2465
2474
2483
2492
2501
2510
2519
2528
2537
2546
2555
2564
2573
2582
2591
2600
2609
2618
2627
2636
2645
2654
2663
2672
2681
2690
2699
2708
2717
2726
2735
2744
2753
2762
2771
2780
2789
2798
2807
2816
2825
2834
2843
2852
2861
2870
2879
2888
2897
2906
2915
2924
2933
2942
2951
2960
2969
2978
2987
2996
3005
3014
3023
3032
3041
3050
3059
3068
3077
3086
3095
3104
3113
3122
3131
3140
3149
3158
3167
3175
3183
3191
3199
3207
3215
3223
3231
3239
3247
3255
3263
3271
3279
3287
3295
3303
3311
3319
3327
3335
3343
3351
3359
3367
3375
3383
3391
3399
3407
3415
3423
3431
3439
3447
3455
3463
3471
3479
3487
3495
3503
3511
3519
3527
3535
3543
3551
3559
3567
3575
3583
3591
3599
3607
3615
3623
3631
3639
3647
3655
3663
3671
3679
3687
3695
3703
3711
3719
3727
3735
3743
3751
3759
3767
3775
3783
3791
3799
3807
3815
3823
3831
3839
3847
3855
3863
3871
3879
3887
3895
3903
3911
3919
3927
3935
3943
3951
3959
3967
3975
3983
3991
3999
4007
4015
4023
4031
4039
4047
4055
4063
4071
4079
4087
4095
4103
4111
4119
4127
4135
4143
4150
4157
4164
4171
4178
4185
4192
4199
4206
4213
4220
4227
4234
4241
4248
4255
4262
4269
4276
4283
4290
4297
4304
4311
4318
4325
4332
4339
4346
4353
4360
4367
4374
4381
4388
4395
4402
4409
4416
4423
4430
4437
4444
4451
4458
4465
4472
4479
4486
4493
4500
4507
4514
4521
4528
4535
4542
4549
4556
4563
4570
4577
4584
4591
4598
4605
4612
4619
4626
4633
4640
4647
4654
4661
4668
4675
4682
4689
4696
4703
4710
4717
4724
4731
4738
4745
4752
4759
4766
4773
4780
4787
4794
4801
4808
4815
4822
4829
4836
4843
4850
4857
4864
4871
4877
4883
4889
4895
4901
4907
4913
4919
4925
4931
4937
4943
4949
4955
4961
4967
4973
4979
4985
4991
4997
5003
5009
5015
5021
5027
5033
5039
5045
5051
5057
5063
5069
5075
5081
5087
5093
5099
5105
5111
5117
5123
5129
5135
5141
5147
5153
5159
5165
5171
5177
5183
5189
5195
5201
5207
5213
5219
5225
5231
5237
5243
5249
5255
5261
5267
5273
5279
5285
5291
5297
5303
5309
5315
5321
5327
5333
5339
5345
5351
5357
5363
5369
5375
5381
5386
5391
5396
5401
5406
5411
5416
5421
5426
5431
5436
5441
5446
5451
5456
5461
5466
5471
5476
5481
5486
5491
5496
5501
5506
5511
5516
5521
5526
5531
5536
5541
5546
5551
5556
5561
5566
5571
5576
5581
5586
5591
5596
5601
5606
5611
5616
5621
5626
5631
5636
5641
5646
5651
5656
5661
5666
5671
5676
5681
5686
5691
5696
5701
5706
5711
5716
5721
5726
5731
5736
5740
5744
5748
5752
5756
5760
5764
5768
5772
5776
5780
5784
5788
5792
5796
5800
5804
5808
5812
5816
5820
5824
5828
5832
5836
5840
5844
5848
5852
5856
5860
5864
5868
5872
5876
5880
5884
5888
5892
5896
5900
5904
5908
5912
5916
5920
5924
5928
5932
5936
5940
5944
5948
5952
5956
5960
5964
5968
5972
5976
5980
5984
5988
5992
5996
6000
6004
6008
6012
6016
6019
6022
6025
6028
6031
6034
6037
6040
6043
6046
6049
6052
6055
6058
6061
6064
6067
6070
6073
6076
6079
6082
6085
6088
6091
6094
6097
6100
6103
6106
6109
6112
6115
6118
6121
6124
6127
6130
6133
6136
6139
6142
6145
6148
6151
6154
6157
6160
6163
6166
6169
6172
6175
6178
6180
6182
6184
6186
6188
6190
6192
6194
6196
6198
6200
6202
6204
6206
6208
6210
6212
6214
6216
6218
6220
6222
6224
6226
6228
6230
6232
6234
6236
6238
6240
6242
6244
6246
6248
6250
6252
6254
6256
6258
6260
6262
6264
6265
6266
6267
6268
6269
6270
6271
6272
6273
6274
6275
6276
6277
6278
6279
6280
6281
6282
6283
6284
6285
6286
6287
6288
6289
6290
6291
6292
6293
6294
6295
6296
6297
6298
6299
6300
6301
6302
6302
6302
6302
6302
6302
6302
6302
6302
6302
6302
6302
6302
6302
6302
6302
6302
6302
6302
6301
6300
6299
6298
6297
6296
6295
6294
6293
6292
6291
6289
6287
6285
6283
6281
6279
6277
6274
6271
6268
6265
6262
6258
6254
6250
6246
6242
6238
6234
6229
6223
6217
6210
6203
6196
6187
6178
6168
6158
6147
6136
6125
6114
6102
6090
6077
6063
6049
6032
6014
5996
5977
5957
5937
5914
5890
5866
5825
5777
5721
5662
