4593
500
4292 6296
7227 9820
4847 7359
5854 6117
5947 9391
5804 7511
2922 9616
7297 9579
6613 9384
4549 8734
6841 9721
4012 9752
6883 7895
4786 6733
5956 7327
6019 7493
6845 8341
7362 9927
7157 9864
5549 5716
8761 9840
5878 5955
5332 8644
7344 8280
5362 7044
6621 9429
6797 9160
5216 6847
8534 9395
8692 8934
8906 9208
4697 5829
5893 7893
6728 8546
8417 9844
9442 9469
9044 9097
7653 9457
8978 8981
8087 9575
6148 9921
3655 9163
8775 9390
4977 8196
7950 9357
3836 8907
7818 8447
8611 9447
4790 9009
8831 9142
5924 9965
7288 7796
8631 9006
6928 8465
9328 9923
7314 8977
5575 6051
5203 6446
5321 6477
5945 9804
7629 9194
1946 7755
9544 9887
7012 7228
8860 9855
4637 9433
8307 8613
5435 7101
6758 6899
7086 9329
5937 9924
8466 9059
9190 9445
6540 8669
3855 5028
8892 9332
6561 7381
8690 9200
9748 9956
7307 9983
5286 6944
9337 9620
7317 8985
6581 8257
8754 8872
9279 9438
7513 7531
5521 7944
8325 9154
8976 9110
3775 7424
8504 9266
9601 9952
6443 7224
7147 9768
4328 6798
8963 9261
3056 8541
7936 9491
7226 7372
6282 9694
6023 7874
5921 9859
8158 9264
9797 9993
9045 9724
2080 9969
6122 7053
7503 9359
8793 9309
8620 9687
8909 9292
4726 8698
9021 9263
8487 9232
7634 8106
8550 9701
8691 9167
6952 7254
7564 9161
8084 9674
7704 9013
7984 9805
6429 8274
9851 9882
8561 9849
6209 7534
3333 6786
4729 4880
7304 9405
8480 8905
7078 9705
7139 7795
4780 9686
8657 9536
9298 9538
3041 9168
7609 8757
7644 9260
9115 9228
9003 9111
2477 8596
5252 6207
7435 9290
8195 9458
6687 9118
8036 9514
6469 8711
8841 9638
5759 8349
6070 6343
5499 9533
8883 9339
9628 9966
3386 8086
4673 9953
9270 9852
6660 7956
7219 9898
8972 9723
5350 7973
5680 5875
8444 9005
5634 9889
7636 9890
5208 9639
7482 8401
5032 8388
9392 9828
7356 8523
6174 8153
7705 8701
5367 9592
8193 9061
9052 9181
9007 9950
3633 8859
7296 9474
8540 8931
6667 9256
7756 9729
4432 7188
6645 9652
6754 9769
6888 9495
6364 9920
6538 6563
7383 9366
2773 9581
4580 9322
8727 9010
7220 8493
9086 9584
7911 8724
5091 9823
8174 9246
5839 8847
5962 7275
8680 8763
8197 8899
8880 9382
4108 9832
6353 8839
6171 7176
7681 9873
8028 8520
6727 9451
7096 9818
5150 6345
9078 9791
9060 9278
8368 9427
6132 7623
7906 9341
5484 8111
9379 9498
7805 8360
8155 9888
4841 7729
5838 7079
4956 8926
8804 9771
6488 9744
4671 9277
6714 8336
5640 6156
6181 9056
3591 9116
9315 9497
4736 6169
6649 8100
7607 9454
5126 8543
4382 8895
6385 7144
6591 9463
8984 9483
8108 9681
6347 8474
7719 9999
9080 9089
6815 9020
7324 9984
7683 9697
7961 8305
7925 9347
5968 8951
6179 9011
8845 9559
1956 7882
2923 5160
6349 8117
8116 9854
6482 7734
9464 9902
6924 7633
8849 9562
4254 7905
8838 9513
8551 9946
6378 6731
8093 9166
5892 8112
6111 7647
5080 8486
5965 9476
3260 9515
9393 9684
4363 9646
5411 9473
8408 9730
7107 9593
5156 6984
8375 9350
8896 9542
5148 7657
8762 9572
8535 9218
7761 9234
5915 8508
7371 9802
9865 9990
8773 9935
7326 9728
6093 8410
7465 7821
7348 8571
7598 8395
8920 9333
7017 8908
6720 9906
8113 9355
6404 9294
7240 9222
6842 7595
6478 7413
5523 9786
4680 8964
3664 7027
5309 9485
8206 9023
4183 8243
7129 7945
6989 8916
4514 8983
6973 8797
5943 7215
5961 6570
6807 7979
7638 9629
8649 8721
6183 9868
6391 8514
6253 8150
8836 9275
4899 7703
9412 9643
9622 9919
5299 9493
7610 8598
9354 9866
9959 9974
7678 8300
7785 8792
7250 9269
8494 9019
8225 8254
8258 8297
8503 8714
8219 9191
9317 9930
4942 8492
7596 8438
5185 8476
6659 8525
8185 8317
5613 9850
6756 8778
8141 9216
8463 9680
4657 8959
8954 9302
7741 8802
7724 8608
7122 9886
8433 9688
8200 8903
7924 9460
8702 9609
6960 8392
7533 7909
8029 9085
8162 9079
6152 7029
8953 9711
8640 9406
5726 9051
8741 9937
8723 9041
7746 8073
6755 8877
5760 6623
8725 9103
4845 6964
7902 8281
7837 9917
8030 9557
8221 9982
6291 7606
8326 9440
5900 9613
9226 9595
4724 9344
6225 9606
8770 9388
8009 9024
9123 9762
7857 8974
5607 9196
7158 9699
7179 9351
2771 8869
8662 9008
6221 8665
7216 9189
8673 9548
7523 8481
8604 9435
9531 9539
8133 8719
5982 6702
6085 7379
5528 5781
6826 8884
5436 7526
7815 8668
9418 9944
4858 8722
6884 7853
7443 9678
6787 9346
7728 9760
8138 8290
6076 9126
7018 9540
6683 8774
5142 9159
5513 9213
7726 8519
8553 9803
5881 8900
7015 9967
4975 8146
8393 9480
5806 8921
8513 9939
9836 9897
5577 9637
8658 9996
9419 9636
6768 9455
4883 9900
4836 7473
6348 9874
7826 8422
6147 9976
8340 8857
7803 9402
7108 7351
5085 9734
6547 7350
8298 9571
6740 6890
9321 9496
5064 7105
7441 9064
9642 9773
3857 9227
8424 8956
6935 8729
1134 9968
4390 8834
7602 9941
4748 9702
4507 9742
6055 6829
4479 9798
8461 9770
8215 9672
6957 7631
3446 5491
6558 8765
7948 8944
7038 7732
4522 8636
3616 4757
7504 9825
8279 8583
7364 8928
8223 8456
4681 9960
7551 9176
7340 7887
8414 9032
7130 9432
8165 9683
8320 9695
7566 8173
5338 9499
7659 9664
9037 9404
7213 7784
6742 8142
3996 9755
9443 9997
5453 9915
7655 9090
7674 8650
6853 8703
5718 7328
8277 9029
7232 9567
8822 9635
6459 9600
6039 6440
5648 8996
7248 9036
5251 8060
7829 8938
6666 8830
9641 9649
8549 9662
7471 9338
6435 8369
6265 9573
8347 8612
8559 9466
9198 9503
8348 9280
7436 9272
