-1
-1
-1
1645396467300250
11835383541106770
38000702785073400
114866932910340002
84396012622541152
7854091816210422
-1
155864736823803834
244918027195809344
71990054909506440
-1
-1
25223595767551636
78632886533870326
400859322392963646
79276297421989044
-1
133199084848250000
18251000739417840
463012237994911323
21329923140618899
17109350485317375
6698804199437098
86292580435777584
66753039988058050
9540955219766080
80920105359042189
371316662114326698
18853951174493211
98197486526248676
363176577047519905
252392357814789416
-1
364563651942437238
493520341807474891
18847051051896097
303924614184639650
78611835784155840
62466779791050904
15244525310464904
101153461823307720
2726253437972580
74802121827444264
527969121357523104
37135877485037020
174093792684972360
14319631139130527
62305706440683632
406417164471142175
206960446800607830
659242709759965500
55601049631206456
57850927039095
95986954763400967
280099462978277634
128719922308208970
-1
191831402833138055
1319973156656442
-1
374734470507743634
19822842900357266
41688746236403972
92176417466628924
364276764941027218
143190455940206255
505673822768461011
-1
35429825713067928
42256247668761048
393309036340770112
252953665131487900
-1
28172372683600423
45977819483628372
-1
433621492417619750
51538515568888450
22802273533957176
297376179080958955
3400575125821656
16067048689974246
75175608337563000
49295558908855740
61668469667235501
178358862015578895
121515924161954484
3055935725122774
441812973254934006
1589710231752762
82459350710955198
126544916982320382
189434958770397285
144650346106297812
202551395822848321
31981574249356056
417636106726543170
119470891776981550
272938830970896
288499509988427569
59047518120223458
41012681409015328
12060829000241065
131596179659010460
549793367421911136
1960968975824412
82790553858187966
337913824709564892
21477438011712565
274790902977123765
598960190862166625
297341835775573365
758982003302191596
88654820056046032
55284748800769566
48032068969516008
-1
10280626932631599
255942465300506516
293238909858298950
25045425716221548
32792157826323534
446615428345541955
36174334139105390
60458578677326019
4653754899236714
161603072873526944
168388795679494126
340075326025770000
96748688904220728
49953652628461400
86715720645750808
39695156141884061
117636112355156820
781383628864757772
-1
99011355043557948
202765845539015360
415574618947473315
228316476202763477
129459472200542267
148641147418386420
76156046870892555
837815537752154635
-1
11756579369759952
291037158695158890
315307915767057983
374887708918921548
250819339407444640
105076801943642958
245262838458371412
16759140769022772
63269490642568608
233087574323271229
426734005613515110
20260575146024386
181599167327648616
466797525603471700
6767845076814846
97684139841083440
9376426994496882
77158941164346160
593434633903525168
37625871730035600
140413217598924984
132419063307459399
206988830700022605
11331987461245610
622973075849232252
422764916835906230
122250859788923118
231907266321433722
91290946791255874
553415671366067343
619847077915165020
9094862424589920
526767804046484
380965725433770760
312942865246513119
156711430690406638
460073627865909420
100165888713380112
183365893323947488
438510111355609029
91759598621011244
240997065263610931
176568944665315751
123656961094478472
448855163915585960
84753085607709345
66608671489101328
284012453878391296
487476430552485
64652211064326900
404601325949542092
45248588556180159
10174113801769944
799667966906613752
283105539541266570
35063227023431584
60561259835133408
321912956726628780
42125885878614617
20971746334809595
303982516598142634
81571944355955865
15422868811607552
153537813303065272
276776976100607775
692046333893892240
-1
466152408475339392
441942504446435277
23357255318228798
433370055533594800
72990342089152350
115759466315921502
2645769629453014
89945017350708861
67049375304181650
283343868631908378
81201658024599714
149591649501836907
187002741008463200
28579226445592448
633311785716813569
690837988882046208
438173331614315856
54264432431566185
86057972953425088
55451378785276680
30792152065055920
183617375923620731
217143350846217180
63135929595797964
54120999990641361
139962738643766400
26318776980054453
5676382374902790
64743961072439688
190282604488861500
18709569316759437
352491211741921533
97100004468652886
318774272507213316
523010489448959576
521679390186972948
28316169290577625
555290172873810000
148042455574853952
-1
251957286696979704
305513048190455088
560707475813383977
226396565184895805
1732755192158288
172798863713025088
373212971055333392
71239004718256254
68651688253635605
354670996944939870
328288206436161568
18654324806351482
577653689991484550
71201921559906150
311407452996591560
134164712710666080
156708197050102200
18274907662386210
48550438230188136
744546253264352910
464950963520218301
22463707050756762
306146037264918070
541430312337335872
703954074390076888
801487370352264568
16315783554308430
86312191937560290
473735587148695818
2033486786290050
217439515425681239
701430800486342104
159798627957950800
363938739259059440
859193386844510340
170881537356869646
212304892591904211
71621618935191939
629287185469118414
306096287663735802
14071570797610851
390207179409377514
44444732472949989
345524338389884395
417403547560113231
1229501777775376
337071049025090010
648891719022713622
117544938267973860
70264110205457190
692606836391107755
18044155458555226
66973024881361118
395919464153510176
249895770778447122
5183773044528854
518157983669519868
67361156620456560
102031467828989714
512902648565455308
125726664668753244
406909419687337875
594060536378934931
313248276459263314
143661533387970620
205903914983506065
50106782164062123
143341467425448817
205581877154941356
496984425706571755
138432961199523941
166213029899240066
102114430773366340
149669986283869080
132629037666070449
618586534020152956
118469592756360069
441202154720140112
52452993387032310
204775336312970504
12409681903482135
217930463247813808
676087635746764120
48870026832119192
32806934340697656
89798998029109920
839256781506600366
648374416629808566
101687053826759946
430775676935595020
221975742053860850
14316080062417701
189081656237676831
132274832179993815
74286038044262736
76658530247420590
352769340272747760
61497731394983277
728835502140441010
303579948875159674
241972291742250294
67847446411859664
100547248071098640
20124607960801977
19460567429801640
309257605444258419
107908085381947857
128813004233055534
41860845371309904
30598579007065650
11325780382134140
36992906030895360
291289191678060180
235086693877736360
708895548933025311
185517374448986688
791947902364939188
-1
551684006672074536
199586044639399488
898916897351942826
606952757611605188
72789552981374904
4657628740023015
11950969693451499
82409643590732960
537558287842329200
227696457397576983
118907261950958802
113389628578641526
520973587732445190
72389081923839212
107126190111971328
216202854473154230
62044676540227560
283701298798563660
199816398409450877
183370934815238140
34146602456878470
425728645512827580
245037121437916191
463213283270321439
33355471732200000
111696148852858206
5815523379690543
59301525292719124
508298057747481736
46285864029981106
745102271589650750
415786452239040792
220281048838792980
722149520733118527
146496338638495884
142032105708730671
153414507807617202
181017569301352991
298971261414850230
96065363786651776
612383642480406754
73020037474778624
100535576677060292
278350426637158593
4657099215782287
427071250574038272
557953648542787423
3404395309596770
23059615752930300
234457040080959815
315349425080341665
432505374272008749
11598048460727694
184519355045787444
243020417973094279
136332337518076634
238271725073433636
14284769504563068
34265726116745886
289290899895228090
47978168687993918
167148765311663036
8789764565701854
99362670227004132
393765153194705200
853102576564965582
149178824635910640
454507343664915450
82632248369985864
526600466247459188
21476612093928445
279656635610466
320822944331280510
11476532907774480
322587410072512650
465684036345932832
128093613387463386
6283945924476832
3379201575429952
55462660082457980
310610263735014840
55244026048213036
219237045468198230
174285670229370726
71932809582600588
103103499377248416
852760338024107250
289921217315425396
122670241644986462
51506518060966960
453583471359811128
394516506988938543
7923689663683032
79892382346532910
32879389232513064
101759730238892322
569485360775326512
130288017802586972
245445206683148271
122128003466711199
313900109391408606
87053227140036456
461516974358392720
813879318877142510
81771375185915805
14169149062049168
259609981221493235
109662632568216585
64495632747798852
148522126155601281
635590338798094163
145030353662034765
63273094862554017
246558302554372094
